<?xml version="1.0" encoding="utf-8"?><testsuites name="pytest tests"><testsuite name="pytest" errors="0" failures="0" skipped="0" tests="10" time="10.655" timestamp="2026-04-18T23:44:20.496467+00:00" hostname="agent-env-53654fbf-80ce-4a2c-a649-10de482b4381"><testcase classname="backend.tests.backend_test.TestBasic" name="test_root" time="0.163" /><testcase classname="backend.tests.backend_test.TestBasic" name="test_situations" time="0.048" /><testcase classname="backend.tests.backend_test.TestGeocode" name="test_geocode_valid_city" time="0.148" /><testcase classname="backend.tests.backend_test.TestGeocode" name="test_geocode_nyc" time="0.100" /><testcase classname="backend.tests.backend_test.TestGeocode" name="test_geocode_invalid_city" time="0.151" /><testcase classname="backend.tests.backend_test.TestGeocode" name="test_geocode_missing_payload" time="0.045" /><testcase classname="backend.tests.backend_test.TestRecommend" name="test_recommend_valid" time="4.986" /><testcase classname="backend.tests.backend_test.TestRecommend" name="test_recommend_unknown_situation" time="0.049" /><testcase classname="backend.tests.backend_test.TestRecommend" name="test_recommend_invalid_payload" time="0.046" /><testcase classname="backend.tests.backend_test.TestRecommend" name="test_recommend_reverse_geocode_city" time="4.795" /></testsuite></testsuites>